2024-12-05 23:54:14 [@DESKTOP-FR9QELT]
Interno #1: Lanzar contract
2024-12-06 00:02:42 [@DESKTOP-FR9QELT]
Interno #1: Lanzar infocom
2024-12-06 00:03:43 [@DESKTOP-FR9QELT]
Interno #1: Lanzar mailgate
2024-12-06 00:04:07 [@DESKTOP-FR9QELT]
Interno #1: Lanzar session
2024-12-06 00:04:27 [@DESKTOP-FR9QELT]
Interno #1: Lanzar graph
2024-12-06 00:04:50 [@DESKTOP-FR9QELT]
Interno #1: Lanzar reservation
2024-12-06 00:05:31 [@DESKTOP-FR9QELT]
Interno #1: Lanzar closeticket
2024-12-06 00:11:40 [@DESKTOP-FR9QELT]
Interno #1: Lanzar alertnotclosed
2024-12-06 00:12:53 [@DESKTOP-FR9QELT]
Interno #1: Lanzar slaticket
2024-12-06 00:14:07 [@DESKTOP-FR9QELT]
Interno #1: Lanzar createinquest
2024-12-06 01:01:43 [@DESKTOP-FR9QELT]
Interno #1: Lanzar watcher
2024-12-06 01:02:49 [@DESKTOP-FR9QELT]
Interno #1: Lanzar RecurrentItems
2024-12-06 01:10:25 [@DESKTOP-FR9QELT]
Interno #1: Lanzar planningrecall
2024-12-06 01:11:52 [@DESKTOP-FR9QELT]
Interno #1: Lanzar queuednotification
2024-12-06 01:12:09 [@DESKTOP-FR9QELT]
Interno #1: Lanzar queuednotificationclean
2024-12-06 01:13:06 [@DESKTOP-FR9QELT]
Interno #1: Lanzar temp
2024-12-06 01:14:43 [@DESKTOP-FR9QELT]
Interno #1: Lanzar mailgateerror
2024-12-06 01:15:32 [@DESKTOP-FR9QELT]
Interno #1: Lanzar certificate
2024-12-06 01:16:30 [@DESKTOP-FR9QELT]
Interno #1: Lanzar olaticket
2024-12-06 01:16:44 [@DESKTOP-FR9QELT]
Interno #1: Lanzar mailgate
2024-12-06 01:16:55 [@DESKTOP-FR9QELT]
Interno #1: Lanzar slaticket
2024-12-06 01:17:40 [@DESKTOP-FR9QELT]
Interno #1: Lanzar graph
2024-12-06 01:18:31 [@DESKTOP-FR9QELT]
Interno #1: Lanzar reservation
2024-12-06 01:19:49 [@DESKTOP-FR9QELT]
Interno #1: Lanzar queuednotification
2024-12-06 01:20:12 [@DESKTOP-FR9QELT]
Interno #1: Lanzar planningrecall
2024-12-06 01:21:47 [@DESKTOP-FR9QELT]
Interno #1: Lanzar queuednotification
2024-12-06 01:23:06 [@DESKTOP-FR9QELT]
Interno #1: Lanzar slaticket
2024-12-06 01:23:13 [@DESKTOP-FR9QELT]
Interno #1: Lanzar olaticket
2024-12-06 01:23:27 [@DESKTOP-FR9QELT]
Interno #1: Lanzar queuednotification
2024-12-06 01:25:26 [@DESKTOP-FR9QELT]
Interno #1: Lanzar queuednotification
2024-12-06 01:26:52 [@DESKTOP-FR9QELT]
Interno #1: Lanzar planningrecall
2024-12-06 01:27:18 [@DESKTOP-FR9QELT]
Interno #1: Lanzar mailgate
2024-12-06 01:27:35 [@DESKTOP-FR9QELT]
Interno #1: Lanzar queuednotification
2024-12-06 01:27:54 [@DESKTOP-FR9QELT]
Interno #1: Nada que lanzar
2024-12-06 01:29:33 [@DESKTOP-FR9QELT]
Interno #1: Lanzar slaticket
2024-12-06 01:32:17 [@DESKTOP-FR9QELT]
Interno #1: Lanzar queuednotification
2024-12-06 01:34:25 [@DESKTOP-FR9QELT]
Interno #1: Lanzar olaticket
2024-12-06 01:34:51 [@DESKTOP-FR9QELT]
Interno #1: Lanzar planningrecall
2024-12-06 01:37:05 [@DESKTOP-FR9QELT]
Interno #1: Lanzar queuednotification
2024-12-06 01:37:52 [@DESKTOP-FR9QELT]
Interno #1: Lanzar slaticket
2024-12-06 01:42:26 [@DESKTOP-FR9QELT]
Interno #1: Lanzar mailgate
2024-12-06 01:42:35 [@DESKTOP-FR9QELT]
Interno #1: Lanzar queuednotification
2024-12-06 01:43:16 [@DESKTOP-FR9QELT]
Interno #1: Lanzar planningrecall
2024-12-06 01:43:24 [@DESKTOP-FR9QELT]
Interno #1: Lanzar olaticket
2024-12-06 01:45:27 [@DESKTOP-FR9QELT]
Interno #1: Lanzar slaticket
2024-12-06 01:46:29 [@DESKTOP-FR9QELT]
Interno #1: Lanzar queuednotification
2024-12-06 01:46:48 [@DESKTOP-FR9QELT]
Interno #1: Nada que lanzar
2024-12-06 01:47:15 [@DESKTOP-FR9QELT]
Interno #1: Lanzar queuednotification
2024-12-06 01:47:29 [@DESKTOP-FR9QELT]
Interno #1: Nada que lanzar
2024-12-06 01:51:00 [@DESKTOP-FR9QELT]
Interno #1: Lanzar planningrecall
2024-12-06 01:51:27 [@DESKTOP-FR9QELT]
Interno #1: Lanzar queuednotification
2024-12-06 01:52:45 [@DESKTOP-FR9QELT]
Interno #1: Lanzar olaticket
2024-12-06 01:53:18 [@DESKTOP-FR9QELT]
Interno #1: Lanzar slaticket
2024-12-06 01:54:46 [@DESKTOP-FR9QELT]
Interno #1: Lanzar mailgate
2024-12-06 01:56:21 [@DESKTOP-FR9QELT]
Interno #1: Lanzar queuednotification
2024-12-06 01:57:21 [@DESKTOP-FR9QELT]
Interno #1: Lanzar planningrecall
2024-12-06 01:57:52 [@DESKTOP-FR9QELT]
Interno #1: Lanzar queuednotification
2024-12-06 02:01:46 [@DESKTOP-FR9QELT]
Interno #1: Lanzar olaticket
2024-12-06 02:02:35 [@DESKTOP-FR9QELT]
Interno #1: Lanzar slaticket
2024-12-06 02:04:38 [@DESKTOP-FR9QELT]
Interno #1: Lanzar queuednotification
2024-12-06 02:04:52 [@DESKTOP-FR9QELT]
Interno #1: Lanzar RecurrentItems
2024-12-06 02:07:16 [@DESKTOP-FR9QELT]
Interno #1: Lanzar planningrecall
2024-12-06 02:23:23 [@DESKTOP-FR9QELT]
Interno #1: Lanzar mailgate
2024-12-06 02:26:13 [@DESKTOP-FR9QELT]
Interno #1: Lanzar queuednotification
2024-12-06 02:26:22 [@DESKTOP-FR9QELT]
Interno #1: Lanzar olaticket
2024-12-06 02:26:44 [@DESKTOP-FR9QELT]
Interno #1: Lanzar slaticket
2024-12-06 02:27:13 [@DESKTOP-FR9QELT]
Interno #1: Lanzar planningrecall
2024-12-06 02:27:18 [@DESKTOP-FR9QELT]
Interno #1: Lanzar temp
2024-12-06 02:27:42 [@DESKTOP-FR9QELT]
Interno #1: Lanzar graph
2024-12-06 02:29:26 [@DESKTOP-FR9QELT]
Interno #1: Lanzar reservation
2024-12-06 02:30:33 [@DESKTOP-FR9QELT]
Interno #1: Lanzar queuednotification
2024-12-06 02:30:48 [@DESKTOP-FR9QELT]
Interno #1: Nada que lanzar
2024-12-06 02:30:56 [@DESKTOP-FR9QELT]
Interno #1: Nada que lanzar
2024-12-06 02:31:21 [@DESKTOP-FR9QELT]
Interno #1: Lanzar slaticket
2024-12-06 02:31:56 [@DESKTOP-FR9QELT]
Interno #1: Lanzar queuednotification
2024-12-06 02:49:01 [@DESKTOP-FR9QELT]
Interno #1: Lanzar olaticket
2024-12-06 02:56:32 [@DESKTOP-FR9QELT]
Interno #1: Lanzar planningrecall
2024-12-06 03:00:10 [@DESKTOP-FR9QELT]
Interno #1: Lanzar queuednotification
2024-12-06 03:01:00 [@DESKTOP-FR9QELT]
Interno #1: Lanzar mailgate
2024-12-06 03:01:45 [@DESKTOP-FR9QELT]
Interno #1: Lanzar slaticket
2024-12-06 03:02:03 [@DESKTOP-FR9QELT]
Interno #1: Lanzar olaticket
2024-12-06 03:02:26 [@DESKTOP-FR9QELT]
Interno #1: Lanzar planningrecall
2024-12-06 03:06:49 [@DESKTOP-FR9QELT]
Interno #1: Lanzar queuednotification
2024-12-06 03:07:41 [@DESKTOP-FR9QELT]
Interno #1: Lanzar RecurrentItems
2024-12-06 03:08:32 [@DESKTOP-FR9QELT]
Interno #1: Lanzar slaticket
2024-12-06 03:09:27 [@DESKTOP-FR9QELT]
Interno #1: Lanzar planningrecall
2024-12-06 03:09:39 [@DESKTOP-FR9QELT]
Interno #1: Lanzar queuednotification
2024-12-06 03:22:16 [2@DESKTOP-FR9QELT]
Interno #1: Ejecutar olaticket
2024-12-06 03:25:14 [@DESKTOP-FR9QELT]
Interno #1: Lanzar queuednotification
2024-12-06 03:28:08 [@DESKTOP-FR9QELT]
Interno #1: Lanzar mailgate
2024-12-06 03:32:44 [@DESKTOP-FR9QELT]
Interno #1: Lanzar slaticket
2024-12-05 22:47:35 [@DESKTOP-FR9QELT]
Interno #1: Lanzar planningrecall
2024-12-05 22:47:35 [@DESKTOP-FR9QELT]
Interno #1: Error during planningrecall execution. Check in "C:\laragon\www\softlogy/files/_log/php-errors.log" for more details.
